La génération a démarré 25/01/2011 22:48:58.
     1>Projet "C:\Users\Sophie\Documents\Visual Studio 2010\Projects\canon_noir\mWrapper\mWrapper.vcxproj" sur le nœud 3 (build cible(s)).
     1>InitializeBuildStatus:
         Création de "Debug\mWrapper.unsuccessfulbuild", car "AlwaysCreate" a été spécifié.
       GenerateTargetFrameworkMonikerAttribute:
       La cible est ignorée "GenerateTargetFrameworkMonikerAttribute", car tous les fichiers de sortie sont à jour par rapport aux fichiers d'entrée.
       ClCompile:
         Toutes les sorties sont à jour.
         Toutes les sorties sont à jour.
         Toutes les sorties sont à jour.
       ResourceCompile:
         Toutes les sorties sont à jour.
       Link:
         D:\Program Files\Microsoft Visual Studio 10.0\VC\bin\link.exe /ERRORREPORT:PROMPT /OUT:"C:\Users\Sophie\Documents\Visual Studio 2010\Projects\canon_noir\Debug\mWrapper.dll" /INCREMENTAL /NOLOGO /MANIFEST /ManifestFile:"Debug\mWrapper.dll.intermediate.manifest" /MANIFESTUAC:"level='asInvoker' uiAccess='false'" /DEBUG /PDB:"C:\Users\Sophie\Documents\Visual Studio 2010\Projects\canon_noir\Debug\mWrapper.pdb" /ASSEMBLYDEBUG /TLBID:1 /DYNAMICBASE /FIXED:NO /NXCOMPAT /MACHINE:X86 /DLL Debug\app.res
         Debug\AssemblyInfo.obj
         Debug\mWrapper.obj
         Debug\Stdafx.obj
         "Debug\.NETFramework,Version=v4.0.AssemblyAttributes.obj"
            Création de la bibliothèque C:\Users\Sophie\Documents\Visual Studio 2010\Projects\canon_noir\Debug\mWrapper.lib et de l'objet C:\Users\Sophie\Documents\Visual Studio 2010\Projects\canon_noir\Debug\mWrapper.exp
         mWrapper.vcxproj -> C:\Users\Sophie\Documents\Visual Studio 2010\Projects\canon_noir\Debug\mWrapper.dll
       Manifest:
         C:\Program Files\Microsoft SDKs\Windows\v7.0A\bin\mt.exe /nologo /verbose /outputresource:"C:\Users\Sophie\Documents\Visual Studio 2010\Projects\canon_noir\Debug\mWrapper.dll;#2" /manifest Debug\mWrapper.dll.intermediate.manifest
       FinalizeBuildStatus:
         Suppression du fichier "Debug\mWrapper.unsuccessfulbuild".
         Mise à jour de l'horodatage "Debug\mWrapper.lastbuildstate".
     1>Génération du projet "C:\Users\Sophie\Documents\Visual Studio 2010\Projects\canon_noir\mWrapper\mWrapper.vcxproj" terminée (build cible(s)).

La génération a réussi.

Temps écoulé 00:00:03.42
